[1206/162518.395:ERROR:directory_reader_win.cc(43)] FindFirstFile: The system cannot find the path specified. (0x3)
[1206/162918.962:ERROR:directory_reader_win.cc(43)] FindFirstFile: The system cannot find the path specified. (0x3)
[1206/163250.878:ERROR:process_reader_win.cc(151)] SuspendThread: Access is denied. (0x5)
[1206/163250.879:ERROR:process_reader_win.cc(123)] NtOpenThread: {Access Denied} A process has requested access to an object, but has not been granted those access rights. (0xc0000022)
[1206/163250.882:ERROR:exception_snapshot_win.cc(99)] thread ID 18968 not found in process
[1206/163250.883:ERROR:process_reader_win.cc(151)] SuspendThread: Access is denied. (0x5)
[1206/163250.887:ERROR:process_reader_win.cc(151)] SuspendThread: Access is denied. (0x5)
[1206/163250.888:ERROR:process_reader_win.cc(123)] NtOpenThread: {Access Denied} A process has requested access to an object, but has not been granted those access rights. (0xc0000022)
[1206/163250.888:ERROR:exception_snapshot_win.cc(99)] thread ID 17488 not found in process
[1206/163250.905:ERROR:process_reader_win.cc(151)] SuspendThread: Access is denied. (0x5)
[1206/163250.905:ERROR:process_reader_win.cc(123)] NtOpenThread: {Access Denied} A process has requested access to an object, but has not been granted those access rights. (0xc0000022)
[1206/163250.905:ERROR:exception_snapshot_win.cc(99)] thread ID 19648 not found in process
[1206/163250.924:ERROR:process_reader_win.cc(151)] SuspendThread: Access is denied. (0x5)
[1206/163250.925:ERROR:process_reader_win.cc(151)] SuspendThread: Access is denied. (0x5)
[1206/163250.925:ERROR:process_reader_win.cc(151)] SuspendThread: Access is denied. (0x5)
[1206/163250.925:ERROR:process_reader_win.cc(151)] SuspendThread: Access is denied. (0x5)
[1206/163250.925:ERROR:process_reader_win.cc(151)] SuspendThread: Access is denied. (0x5)
[1206/163250.925:ERROR:process_reader_win.cc(123)] NtOpenThread: {Access Denied} A process has requested access to an object, but has not been granted those access rights. (0xc0000022)
[1206/163250.925:ERROR:exception_snapshot_win.cc(99)] thread ID 10000 not found in process
[1206/163250.953:ERROR:process_reader_win.cc(151)] SuspendThread: Access is denied. (0x5)
[1206/163250.954:ERROR:process_reader_win.cc(151)] SuspendThread: Access is denied. (0x5)
[1206/163250.954:ERROR:process_reader_win.cc(151)] SuspendThread: Access is denied. (0x5)
[1206/163250.954:ERROR:process_reader_win.cc(151)] SuspendThread: Access is denied. (0x5)
[1206/163250.954:ERROR:process_reader_win.cc(123)] NtOpenThread: {Access Denied} A process has requested access to an object, but has not been granted those access rights. (0xc0000022)
[1206/163250.954:ERROR:exception_snapshot_win.cc(99)] thread ID 4256 not found in process
[1206/163317.643:ERROR:process_reader_win.cc(123)] NtOpenThread: {Access Denied} A process has requested access to an object, but has not been granted those access rights. (0xc0000022)
[1206/163317.644:ERROR:exception_snapshot_win.cc(99)] thread ID 12764 not found in process
[1206/163317.670:ERROR:process_reader_win.cc(123)] NtOpenThread: {Access Denied} A process has requested access to an object, but has not been granted those access rights. (0xc0000022)
[1206/163317.671:ERROR:exception_snapshot_win.cc(99)] thread ID 20956 not found in process
[1206/165141.998:ERROR:process_reader_win.cc(151)] SuspendThread: Access is denied. (0x5)
[1206/165141.999:ERROR:process_reader_win.cc(151)] SuspendThread: Access is denied. (0x5)
[1206/165141.999:ERROR:process_reader_win.cc(151)] SuspendThread: Access is denied. (0x5)
[1206/165141.999:ERROR:process_reader_win.cc(151)] SuspendThread: Access is denied. (0x5)
[1206/165141.999:ERROR:process_reader_win.cc(151)] SuspendThread: Access is denied. (0x5)
[1206/165141.999:ERROR:process_reader_win.cc(151)] SuspendThread: Access is denied. (0x5)
[1206/165141.999:ERROR:process_reader_win.cc(151)] SuspendThread: Access is denied. (0x5)
[1206/165141.999:ERROR:process_reader_win.cc(151)] SuspendThread: Access is denied. (0x5)
[1206/165141.999:ERROR:process_reader_win.cc(151)] SuspendThread: Access is denied. (0x5)
[1206/165141.999:ERROR:process_reader_win.cc(151)] SuspendThread: Access is denied. (0x5)
[1206/165141.999:ERROR:process_reader_win.cc(123)] NtOpenThread: {Access Denied} A process has requested access to an object, but has not been granted those access rights. (0xc0000022)
[1206/165142.000:ERROR:exception_snapshot_win.cc(99)] thread ID 3068 not found in process
[1206/165142.001:ERROR:process_reader_win.cc(151)] SuspendThread: Access is denied. (0x5)
[1206/165142.004:ERROR:process_reader_win.cc(151)] SuspendThread: Access is denied. (0x5)
[1206/165142.004:ERROR:process_reader_win.cc(151)] SuspendThread: Access is denied. (0x5)
[1206/165142.004:ERROR:process_reader_win.cc(151)] SuspendThread: Access is denied. (0x5)
[1206/165142.004:ERROR:process_reader_win.cc(151)] SuspendThread: Access is denied. (0x5)
[1206/165142.004:ERROR:process_reader_win.cc(151)] SuspendThread: Access is denied. (0x5)
[1206/165142.004:ERROR:process_reader_win.cc(151)] SuspendThread: Access is denied. (0x5)
[1206/165142.004:ERROR:process_reader_win.cc(151)] SuspendThread: Access is denied. (0x5)
[1206/165142.005:ERROR:process_reader_win.cc(151)] SuspendThread: Access is denied. (0x5)
[1206/165142.005:ERROR:process_reader_win.cc(123)] NtOpenThread: {Access Denied} A process has requested access to an object, but has not been granted those access rights. (0xc0000022)
[1206/165142.005:ERROR:exception_snapshot_win.cc(99)] thread ID 7844 not found in process
[1206/165142.011:ERROR:process_reader_win.cc(151)] SuspendThread: Access is denied. (0x5)
[1206/165142.013:ERROR:process_reader_win.cc(151)] SuspendThread: Access is denied. (0x5)
[1206/165142.013:ERROR:process_reader_win.cc(151)] SuspendThread: Access is denied. (0x5)
[1206/165142.013:ERROR:process_reader_win.cc(151)] SuspendThread: Access is denied. (0x5)
[1206/165142.013:ERROR:process_reader_win.cc(151)] SuspendThread: Access is denied. (0x5)
[1206/165142.013:ERROR:process_reader_win.cc(151)] SuspendThread: Access is denied. (0x5)
[1206/165142.013:ERROR:process_reader_win.cc(151)] SuspendThread: Access is denied. (0x5)
[1206/165142.013:ERROR:process_reader_win.cc(151)] SuspendThread: Access is denied. (0x5)
[1206/165142.013:ERROR:process_reader_win.cc(151)] SuspendThread: Access is denied. (0x5)
[1206/165142.013:ERROR:process_reader_win.cc(151)] SuspendThread: Access is denied. (0x5)
[1206/165142.013:ERROR:process_reader_win.cc(151)] SuspendThread: Access is denied. (0x5)
[1206/165142.013:ERROR:process_reader_win.cc(151)] SuspendThread: Access is denied. (0x5)
[1206/165142.013:ERROR:process_reader_win.cc(151)] SuspendThread: Access is denied. (0x5)
[1206/165142.013:ERROR:process_reader_win.cc(151)] SuspendThread: Access is denied. (0x5)
[1206/165142.013:ERROR:process_reader_win.cc(151)] SuspendThread: Access is denied. (0x5)
[1206/165142.013:ERROR:process_reader_win.cc(151)] SuspendThread: Access is denied. (0x5)
[1206/165142.013:ERROR:process_reader_win.cc(151)] SuspendThread: Access is denied. (0x5)
[1206/165142.013:ERROR:process_reader_win.cc(151)] SuspendThread: Access is denied. (0x5)
[1206/165142.013:ERROR:process_reader_win.cc(151)] SuspendThread: Access is denied. (0x5)
[1206/165142.013:ERROR:process_reader_win.cc(151)] SuspendThread: Access is denied. (0x5)
[1206/165142.014:ERROR:process_reader_win.cc(151)] SuspendThread: Access is denied. (0x5)
[1206/165142.014:ERROR:process_reader_win.cc(151)] SuspendThread: Access is denied. (0x5)
[1206/165142.014:ERROR:process_reader_win.cc(151)] SuspendThread: Access is denied. (0x5)
[1206/165142.014:ERROR:process_reader_win.cc(151)] SuspendThread: Access is denied. (0x5)
[1206/165142.014:ERROR:process_reader_win.cc(151)] SuspendThread: Access is denied. (0x5)
[1206/165142.014:ERROR:process_reader_win.cc(151)] SuspendThread: Access is denied. (0x5)
[1206/165142.014:ERROR:process_reader_win.cc(151)] SuspendThread: Access is denied. (0x5)
[1206/165142.014:ERROR:process_reader_win.cc(123)] NtOpenThread: {Access Denied} A process has requested access to an object, but has not been granted those access rights. (0xc0000022)
[1206/165142.020:ERROR:exception_snapshot_win.cc(99)] thread ID 20624 not found in process
[1206/165142.041:ERROR:process_reader_win.cc(151)] SuspendThread: Access is denied. (0x5)
[1206/165142.041:ERROR:process_reader_win.cc(151)] SuspendThread: Access is denied. (0x5)
[1206/165142.041:ERROR:process_reader_win.cc(151)] SuspendThread: Access is denied. (0x5)
[1206/165142.041:ERROR:process_reader_win.cc(151)] SuspendThread: Access is denied. (0x5)
[1206/165142.041:ERROR:process_reader_win.cc(151)] SuspendThread: Access is denied. (0x5)
[1206/165142.041:ERROR:process_reader_win.cc(151)] SuspendThread: Access is denied. (0x5)
[1206/165142.041:ERROR:process_reader_win.cc(123)] NtOpenThread: {Access Denied} A process has requested access to an object, but has not been granted those access rights. (0xc0000022)
[1206/165142.041:ERROR:exception_snapshot_win.cc(99)] thread ID 17392 not found in process
[1206/165142.049:ERROR:process_reader_win.cc(151)] SuspendThread: Access is denied. (0x5)
[1206/165142.050:ERROR:process_reader_win.cc(151)] SuspendThread: Access is denied. (0x5)
[1206/165142.050:ERROR:process_reader_win.cc(151)] SuspendThread: Access is denied. (0x5)
[1206/165142.050:ERROR:process_reader_win.cc(151)] SuspendThread: Access is denied. (0x5)
[1206/165142.050:ERROR:process_reader_win.cc(151)] SuspendThread: Access is denied. (0x5)
[1206/165142.050:ERROR:process_reader_win.cc(151)] SuspendThread: Access is denied. (0x5)
[1206/165142.050:ERROR:process_reader_win.cc(123)] NtOpenThread: {Access Denied} A process has requested access to an object, but has not been granted those access rights. (0xc0000022)
[1206/165142.050:ERROR:exception_snapshot_win.cc(99)] thread ID 16084 not found in process
[1206/165142.076:ERROR:process_reader_win.cc(151)] SuspendThread: Access is denied. (0x5)
[1206/165142.077:ERROR:process_reader_win.cc(123)] NtOpenThread: {Access Denied} A process has requested access to an object, but has not been granted those access rights. (0xc0000022)
[1206/165142.077:ERROR:exception_snapshot_win.cc(99)] thread ID 14940 not found in process
[1206/171753.058:ERROR:process_reader_win.cc(151)] SuspendThread: Access is denied. (0x5)
[1206/171753.060:ERROR:process_reader_win.cc(123)] NtOpenThread: {Access Denied} A process has requested access to an object, but has not been granted those access rights. (0xc0000022)
[1206/171753.060:ERROR:exception_snapshot_win.cc(99)] thread ID 1320 not found in process
[1206/171753.100:ERROR:process_reader_win.cc(151)] SuspendThread: Access is denied. (0x5)
[1206/171753.100:ERROR:process_reader_win.cc(151)] SuspendThread: Access is denied. (0x5)
[1206/171753.100:ERROR:process_reader_win.cc(151)] SuspendThread: Access is denied. (0x5)
[1206/171753.100:ERROR:process_reader_win.cc(151)] SuspendThread: Access is denied. (0x5)
[1206/171753.100:ERROR:process_reader_win.cc(151)] SuspendThread: Access is denied. (0x5)
[1206/171753.100:ERROR:process_reader_win.cc(151)] SuspendThread: Access is denied. (0x5)
[1206/171753.100:ERROR:process_reader_win.cc(123)] NtOpenThread: {Access Denied} A process has requested access to an object, but has not been granted those access rights. (0xc0000022)
[1206/171753.100:ERROR:exception_snapshot_win.cc(99)] thread ID 5028 not found in process
[1206/173800.167:ERROR:process_reader_win.cc(151)] SuspendThread: Access is denied. (0x5)
[1206/173800.183:ERROR:process_reader_win.cc(151)] SuspendThread: Access is denied. (0x5)
[1206/173800.193:ERROR:process_reader_win.cc(151)] SuspendThread: Access is denied. (0x5)
[1206/173800.193:ERROR:process_reader_win.cc(151)] SuspendThread: Access is denied. (0x5)
[1206/173800.193:ERROR:process_reader_win.cc(151)] SuspendThread: Access is denied. (0x5)
[1206/173800.193:ERROR:process_reader_win.cc(151)] SuspendThread: Access is denied. (0x5)
[1206/173800.193:ERROR:process_reader_win.cc(151)] SuspendThread: Access is denied. (0x5)
[1206/173800.193:ERROR:process_reader_win.cc(151)] SuspendThread: Access is denied. (0x5)
[1206/173800.174:ERROR:process_reader_win.cc(151)] SuspendThread: Access is denied. (0x5)
[1206/173800.194:ERROR:process_reader_win.cc(151)] SuspendThread: Access is denied. (0x5)
[1206/173800.194:ERROR:process_reader_win.cc(151)] SuspendThread: Access is denied. (0x5)
[1206/173800.194:ERROR:process_reader_win.cc(151)] SuspendThread: Access is denied. (0x5)
[1206/173800.194:ERROR:process_reader_win.cc(151)] SuspendThread: Access is denied. (0x5)
[1206/173800.194:ERROR:process_reader_win.cc(151)] SuspendThread: Access is denied. (0x5)
[1206/173800.194:ERROR:process_reader_win.cc(151)] SuspendThread: Access is denied. (0x5)
[1206/173800.194:ERROR:process_reader_win.cc(151)] SuspendThread: Access is denied. (0x5)
[1206/173800.194:ERROR:process_reader_win.cc(151)] SuspendThread: Access is denied. (0x5)
[1206/173800.194:ERROR:process_reader_win.cc(151)] SuspendThread: Access is denied. (0x5)
[1206/173800.194:ERROR:process_reader_win.cc(151)] SuspendThread: Access is denied. (0x5)
[1206/173800.194:ERROR:process_reader_win.cc(151)] SuspendThread: Access is denied. (0x5)
[1206/173800.194:ERROR:process_reader_win.cc(151)] SuspendThread: Access is denied. (0x5)
[1206/173800.194:ERROR:process_reader_win.cc(151)] SuspendThread: Access is denied. (0x5)
[1206/173800.194:ERROR:process_reader_win.cc(151)] SuspendThread: Access is denied. (0x5)
[1206/173800.194:ERROR:process_reader_win.cc(151)] SuspendThread: Access is denied. (0x5)
[1206/173800.194:ERROR:process_reader_win.cc(151)] SuspendThread: Access is denied. (0x5)
[1206/173800.194:ERROR:process_reader_win.cc(151)] SuspendThread: Access is denied. (0x5)
[1206/173800.194:ERROR:process_reader_win.cc(151)] SuspendThread: Access is denied. (0x5)
[1206/173800.194:ERROR:process_reader_win.cc(151)] SuspendThread: Access is denied. (0x5)
[1206/173800.194:ERROR:process_reader_win.cc(151)] SuspendThread: Access is denied. (0x5)
[1206/173800.194:ERROR:process_reader_win.cc(151)] SuspendThread: Access is denied. (0x5)
[1206/173800.194:ERROR:process_reader_win.cc(151)] SuspendThread: Access is denied. (0x5)
[1206/173800.194:ERROR:process_reader_win.cc(151)] SuspendThread: Access is denied. (0x5)
[1206/173800.194:ERROR:process_reader_win.cc(151)] SuspendThread: Access is denied. (0x5)
[1206/173800.194:ERROR:process_reader_win.cc(151)] SuspendThread: Access is denied. (0x5)
[1206/173800.194:ERROR:process_reader_win.cc(151)] SuspendThread: Access is denied. (0x5)
[1206/173800.194:ERROR:process_reader_win.cc(151)] SuspendThread: Access is denied. (0x5)
[1206/173800.195:ERROR:process_reader_win.cc(151)] SuspendThread: Access is denied. (0x5)
[1206/173800.195:ERROR:process_reader_win.cc(151)] SuspendThread: Access is denied. (0x5)
[1206/173800.195:ERROR:process_reader_win.cc(151)] SuspendThread: Access is denied. (0x5)
[1206/173800.195:ERROR:process_reader_win.cc(151)] SuspendThread: Access is denied. (0x5)
[1206/173800.195:ERROR:process_reader_win.cc(151)] SuspendThread: Access is denied. (0x5)
[1206/173800.195:ERROR:process_reader_win.cc(151)] SuspendThread: Access is denied. (0x5)
[1206/173800.195:ERROR:process_reader_win.cc(151)] SuspendThread: Access is denied. (0x5)
[1206/173800.195:ERROR:process_reader_win.cc(151)] SuspendThread: Access is denied. (0x5)
[1206/173800.195:ERROR:process_reader_win.cc(151)] SuspendThread: Access is denied. (0x5)
[1206/173800.195:ERROR:process_reader_win.cc(151)] SuspendThread: Access is denied. (0x5)
[1206/173800.195:ERROR:process_reader_win.cc(151)] SuspendThread: Access is denied. (0x5)
[1206/173800.196:ERROR:process_reader_win.cc(151)] SuspendThread: Access is denied. (0x5)
[1206/173800.195:ERROR:process_reader_win.cc(123)] NtOpenThread: {Access Denied} A process has requested access to an object, but has not been granted those access rights. (0xc0000022)
[1206/173800.196:ERROR:exception_snapshot_win.cc(99)] thread ID 23072 not found in process
[1206/173800.196:ERROR:process_reader_win.cc(151)] SuspendThread: Access is denied. (0x5)
[1206/173800.199:ERROR:process_reader_win.cc(151)] SuspendThread: Access is denied. (0x5)
[1206/173800.199:ERROR:process_reader_win.cc(151)] SuspendThread: Access is denied. (0x5)
[1206/173800.199:ERROR:process_reader_win.cc(151)] SuspendThread: Access is denied. (0x5)
[1206/173800.199:ERROR:process_reader_win.cc(151)] SuspendThread: Access is denied. (0x5)
[1206/173800.199:ERROR:process_reader_win.cc(151)] SuspendThread: Access is denied. (0x5)
[1206/173800.199:ERROR:process_reader_win.cc(151)] SuspendThread: Access is denied. (0x5)
[1206/173800.199:ERROR:process_reader_win.cc(151)] SuspendThread: Access is denied. (0x5)
[1206/173800.199:ERROR:process_reader_win.cc(151)] SuspendThread: Access is denied. (0x5)
[1206/173800.199:ERROR:process_reader_win.cc(123)] NtOpenThread: {Access Denied} A process has requested access to an object, but has not been granted those access rights. (0xc0000022)
[1206/173800.199:ERROR:exception_snapshot_win.cc(99)] thread ID 16588 not found in process
[1206/173800.208:ERROR:process_reader_win.cc(151)] SuspendThread: Access is denied. (0x5)
[1206/173800.191:ERROR:process_reader_win.cc(151)] SuspendThread: Access is denied. (0x5)
[1206/173800.209:ERROR:process_reader_win.cc(151)] SuspendThread: Access is denied. (0x5)
[1206/173800.209:ERROR:process_reader_win.cc(151)] SuspendThread: Access is denied. (0x5)
[1206/173800.209:ERROR:process_reader_win.cc(151)] SuspendThread: Access is denied. (0x5)
[1206/173800.209:ERROR:process_reader_win.cc(151)] SuspendThread: Access is denied. (0x5)
[1206/173800.209:ERROR:process_reader_win.cc(151)] SuspendThread: Access is denied. (0x5)
[1206/173800.209:ERROR:process_reader_win.cc(151)] SuspendThread: Access is denied. (0x5)
[1206/173800.209:ERROR:process_reader_win.cc(151)] SuspendThread: Access is denied. (0x5)
[1206/173800.209:ERROR:process_reader_win.cc(151)] SuspendThread: Access is denied. (0x5)
[1206/173800.209:ERROR:process_reader_win.cc(151)] SuspendThread: Access is denied. (0x5)
[1206/173800.209:ERROR:process_reader_win.cc(151)] SuspendThread: Access is denied. (0x5)
[1206/173800.209:ERROR:process_reader_win.cc(151)] SuspendThread: Access is denied. (0x5)
[1206/173800.209:ERROR:process_reader_win.cc(151)] SuspendThread: Access is denied. (0x5)
[1206/173800.209:ERROR:process_reader_win.cc(151)] SuspendThread: Access is denied. (0x5)
[1206/173800.209:ERROR:process_reader_win.cc(151)] SuspendThread: Access is denied. (0x5)
[1206/173800.209:ERROR:process_reader_win.cc(151)] SuspendThread: Access is denied. (0x5)
[1206/173800.209:ERROR:process_reader_win.cc(151)] SuspendThread: Access is denied. (0x5)
[1206/173800.209:ERROR:process_reader_win.cc(151)] SuspendThread: Access is denied. (0x5)
[1206/173800.209:ERROR:process_reader_win.cc(151)] SuspendThread: Access is denied. (0x5)
[1206/173800.209:ERROR:process_reader_win.cc(151)] SuspendThread: Access is denied. (0x5)
[1206/173800.209:ERROR:process_reader_win.cc(151)] SuspendThread: Access is denied. (0x5)
[1206/173800.209:ERROR:process_reader_win.cc(151)] SuspendThread: Access is denied. (0x5)
[1206/173800.209:ERROR:process_reader_win.cc(151)] SuspendThread: Access is denied. (0x5)
[1206/173800.209:ERROR:process_reader_win.cc(151)] SuspendThread: Access is denied. (0x5)
[1206/173800.209:ERROR:process_reader_win.cc(151)] SuspendThread: Access is denied. (0x5)
[1206/173800.209:ERROR:process_reader_win.cc(151)] SuspendThread: Access is denied. (0x5)
[1206/173800.209:ERROR:process_reader_win.cc(151)] SuspendThread: Access is denied. (0x5)
[1206/173800.209:ERROR:process_reader_win.cc(151)] SuspendThread: Access is denied. (0x5)
[1206/173800.209:ERROR:process_reader_win.cc(151)] SuspendThread: Access is denied. (0x5)
[1206/173800.209:ERROR:process_reader_win.cc(151)] SuspendThread: Access is denied. (0x5)
[1206/173800.209:ERROR:process_reader_win.cc(151)] SuspendThread: Access is denied. (0x5)
[1206/173800.209:ERROR:process_reader_win.cc(123)] NtOpenThread: An invalid Client ID was specified. (0xc000000b)
[1206/173800.209:ERROR:process_reader_win.cc(151)] SuspendThread: Access is denied. (0x5)
[1206/173800.209:ERROR:process_reader_win.cc(151)] SuspendThread: Access is denied. (0x5)
[1206/173800.209:ERROR:process_reader_win.cc(151)] SuspendThread: Access is denied. (0x5)
[1206/173800.209:ERROR:process_reader_win.cc(151)] SuspendThread: Access is denied. (0x5)
[1206/173800.209:ERROR:process_reader_win.cc(151)] SuspendThread: Access is denied. (0x5)
[1206/173800.209:ERROR:process_reader_win.cc(151)] SuspendThread: Access is denied. (0x5)
[1206/173800.209:ERROR:process_reader_win.cc(151)] SuspendThread: Access is denied. (0x5)
[1206/173800.209:ERROR:process_reader_win.cc(151)] SuspendThread: Access is denied. (0x5)
[1206/173800.209:ERROR:process_reader_win.cc(151)] SuspendThread: Access is denied. (0x5)
[1206/173800.209:ERROR:process_reader_win.cc(151)] SuspendThread: Access is denied. (0x5)
[1206/173800.209:ERROR:process_reader_win.cc(151)] SuspendThread: Access is denied. (0x5)
[1206/173800.209:ERROR:process_reader_win.cc(151)] SuspendThread: Access is denied. (0x5)
[1206/173800.209:ERROR:process_reader_win.cc(151)] SuspendThread: Access is denied. (0x5)
[1206/173800.209:ERROR:process_reader_win.cc(151)] SuspendThread: Access is denied. (0x5)
[1206/173800.209:ERROR:process_reader_win.cc(151)] SuspendThread: Access is denied. (0x5)
[1206/173800.209:ERROR:process_reader_win.cc(151)] SuspendThread: Access is denied. (0x5)
[1206/173800.209:ERROR:process_reader_win.cc(151)] SuspendThread: Access is denied. (0x5)
[1206/173800.209:ERROR:process_reader_win.cc(151)] SuspendThread: Access is denied. (0x5)
[1206/173800.210:ERROR:process_reader_win.cc(151)] SuspendThread: Access is denied. (0x5)
[1206/173800.209:ERROR:process_reader_win.cc(123)] NtOpenThread: {Access Denied} A process has requested access to an object, but has not been granted those access rights. (0xc0000022)
[1206/173800.210:ERROR:process_reader_win.cc(151)] SuspendThread: Access is denied. (0x5)
[1206/173800.210:ERROR:exception_snapshot_win.cc(99)] thread ID 22872 not found in process
[1206/173800.210:ERROR:process_reader_win.cc(151)] SuspendThread: Access is denied. (0x5)
[1206/173800.210:ERROR:process_reader_win.cc(151)] SuspendThread: Access is denied. (0x5)
[1206/173800.210:ERROR:process_reader_win.cc(151)] SuspendThread: Access is denied. (0x5)
[1206/173800.210:ERROR:process_reader_win.cc(151)] SuspendThread: Access is denied. (0x5)
[1206/173800.210:ERROR:process_reader_win.cc(151)] SuspendThread: Access is denied. (0x5)
[1206/173800.210:ERROR:process_reader_win.cc(151)] SuspendThread: Access is denied. (0x5)
[1206/173800.210:ERROR:process_reader_win.cc(151)] SuspendThread: Access is denied. (0x5)
[1206/173800.210:ERROR:process_reader_win.cc(151)] SuspendThread: Access is denied. (0x5)
[1206/173800.210:ERROR:process_reader_win.cc(151)] SuspendThread: Access is denied. (0x5)
[1206/173800.210:ERROR:process_reader_win.cc(151)] SuspendThread: Access is denied. (0x5)
[1206/173800.210:ERROR:process_reader_win.cc(151)] SuspendThread: Access is denied. (0x5)
[1206/173800.210:ERROR:process_reader_win.cc(151)] SuspendThread: Access is denied. (0x5)
[1206/173800.210:ERROR:process_reader_win.cc(151)] SuspendThread: Access is denied. (0x5)
[1206/173800.210:ERROR:process_reader_win.cc(151)] SuspendThread: Access is denied. (0x5)
[1206/173800.210:ERROR:process_reader_win.cc(151)] SuspendThread: Access is denied. (0x5)
[1206/173800.210:ERROR:process_reader_win.cc(151)] SuspendThread: Access is denied. (0x5)
[1206/173800.210:ERROR:process_reader_win.cc(151)] SuspendThread: Access is denied. (0x5)
[1206/173800.210:ERROR:process_reader_win.cc(151)] SuspendThread: Access is denied. (0x5)
[1206/173800.210:ERROR:process_reader_win.cc(123)] NtOpenThread: {Access Denied} A process has requested access to an object, but has not been granted those access rights. (0xc0000022)
[1206/173800.210:ERROR:exception_snapshot_win.cc(99)] thread ID 18128 not found in process
[1206/173800.225:ERROR:process_reader_win.cc(151)] SuspendThread: Access is denied. (0x5)
[1206/173800.225:ERROR:process_reader_win.cc(151)] SuspendThread: Access is denied. (0x5)
[1206/173800.225:ERROR:process_reader_win.cc(123)] NtOpenThread: {Access Denied} A process has requested access to an object, but has not been granted those access rights. (0xc0000022)
[1206/173800.225:ERROR:exception_snapshot_win.cc(99)] thread ID 7828 not found in process
[1206/173800.247:ERROR:process_reader_win.cc(151)] SuspendThread: Access is denied. (0x5)
[1206/173800.247:ERROR:process_reader_win.cc(123)] NtOpenThread: {Access Denied} A process has requested access to an object, but has not been granted those access rights. (0xc0000022)
[1206/173800.247:ERROR:exception_snapshot_win.cc(99)] thread ID 9476 not found in process
[1206/173800.259:ERROR:process_reader_win.cc(151)] SuspendThread: Access is denied. (0x5)
[1206/173800.261:ERROR:process_reader_win.cc(151)] SuspendThread: Access is denied. (0x5)
[1206/173800.261:ERROR:process_reader_win.cc(123)] NtOpenThread: {Access Denied} A process has requested access to an object, but has not been granted those access rights. (0xc0000022)
[1206/173800.262:ERROR:exception_snapshot_win.cc(99)] thread ID 12308 not found in process
[1206/173800.266:ERROR:process_reader_win.cc(151)] SuspendThread: Access is denied. (0x5)
[1206/173800.268:ERROR:process_reader_win.cc(151)] SuspendThread: Access is denied. (0x5)
[1206/173800.268:ERROR:process_reader_win.cc(151)] SuspendThread: Access is denied. (0x5)
[1206/173800.268:ERROR:process_reader_win.cc(151)] SuspendThread: Access is denied. (0x5)
[1206/173800.268:ERROR:process_reader_win.cc(151)] SuspendThread: Access is denied. (0x5)
[1206/173800.268:ERROR:process_reader_win.cc(151)] SuspendThread: Access is denied. (0x5)
[1206/173800.268:ERROR:process_reader_win.cc(151)] SuspendThread: Access is denied. (0x5)
[1206/173800.268:ERROR:process_reader_win.cc(151)] SuspendThread: Access is denied. (0x5)
[1206/173800.268:ERROR:process_reader_win.cc(151)] SuspendThread: Access is denied. (0x5)
[1206/173800.268:ERROR:process_reader_win.cc(151)] SuspendThread: Access is denied. (0x5)
[1206/173800.268:ERROR:process_reader_win.cc(151)] SuspendThread: Access is denied. (0x5)
[1206/173800.268:ERROR:process_reader_win.cc(151)] SuspendThread: Access is denied. (0x5)
[1206/173800.268:ERROR:process_reader_win.cc(151)] SuspendThread: Access is denied. (0x5)
[1206/173800.269:ERROR:process_reader_win.cc(151)] SuspendThread: Access is denied. (0x5)
[1206/173800.269:ERROR:process_reader_win.cc(151)] SuspendThread: Access is denied. (0x5)
[1206/173800.269:ERROR:process_reader_win.cc(151)] SuspendThread: Access is denied. (0x5)
[1206/173800.269:ERROR:process_reader_win.cc(151)] SuspendThread: Access is denied. (0x5)
[1206/173800.269:ERROR:process_reader_win.cc(151)] SuspendThread: Access is denied. (0x5)
[1206/173800.269:ERROR:process_reader_win.cc(151)] SuspendThread: Access is denied. (0x5)
[1206/173800.269:ERROR:process_reader_win.cc(151)] SuspendThread: Access is denied. (0x5)
[1206/173800.269:ERROR:process_reader_win.cc(151)] SuspendThread: Access is denied. (0x5)
[1206/173800.269:ERROR:process_reader_win.cc(151)] SuspendThread: Access is denied. (0x5)
[1206/173800.269:ERROR:process_reader_win.cc(151)] SuspendThread: Access is denied. (0x5)
[1206/173800.269:ERROR:process_reader_win.cc(151)] SuspendThread: Access is denied. (0x5)
[1206/173800.271:ERROR:process_reader_win.cc(151)] SuspendThread: Access is denied. (0x5)
[1206/173800.275:ERROR:process_reader_win.cc(151)] SuspendThread: Access is denied. (0x5)
[1206/173800.275:ERROR:process_reader_win.cc(151)] SuspendThread: Access is denied. (0x5)
[1206/173800.275:ERROR:process_reader_win.cc(151)] SuspendThread: Access is denied. (0x5)
[1206/173800.275:ERROR:process_reader_win.cc(123)] NtOpenThread: {Access Denied} A process has requested access to an object, but has not been granted those access rights. (0xc0000022)
[1206/173800.277:ERROR:exception_snapshot_win.cc(99)] thread ID 19368 not found in process
[1206/173800.319:ERROR:process_reader_win.cc(151)] SuspendThread: Access is denied. (0x5)
[1206/173800.319:ERROR:process_reader_win.cc(123)] NtOpenThread: {Access Denied} A process has requested access to an object, but has not been granted those access rights. (0xc0000022)
[1206/173800.320:ERROR:exception_snapshot_win.cc(99)] thread ID 12232 not found in process
[1206/173800.331:ERROR:process_reader_win.cc(151)] SuspendThread: Access is denied. (0x5)
[1206/173800.331:ERROR:process_reader_win.cc(151)] SuspendThread: Access is denied. (0x5)
[1206/173800.331:ERROR:process_reader_win.cc(123)] NtOpenThread: {Access Denied} A process has requested access to an object, but has not been granted those access rights. (0xc0000022)
[1206/173800.331:ERROR:exception_snapshot_win.cc(99)] thread ID 22904 not found in process
[1206/173800.403:ERROR:process_reader_win.cc(151)] SuspendThread: Access is denied. (0x5)
[1206/173800.404:ERROR:process_reader_win.cc(151)] SuspendThread: Access is denied. (0x5)
[1206/173800.404:ERROR:process_reader_win.cc(151)] SuspendThread: Access is denied. (0x5)
[1206/173800.404:ERROR:process_reader_win.cc(151)] SuspendThread: Access is denied. (0x5)
[1206/173800.404:ERROR:process_reader_win.cc(151)] SuspendThread: Access is denied. (0x5)
[1206/173800.404:ERROR:process_reader_win.cc(123)] NtOpenThread: {Access Denied} A process has requested access to an object, but has not been granted those access rights. (0xc0000022)
[1206/173800.404:ERROR:exception_snapshot_win.cc(99)] thread ID 22068 not found in process
[1206/173800.405:ERROR:process_reader_win.cc(151)] SuspendThread: Access is denied. (0x5)
[1206/173800.406:ERROR:process_reader_win.cc(123)] NtOpenThread: {Access Denied} A process has requested access to an object, but has not been granted those access rights. (0xc0000022)
[1206/173800.406:ERROR:exception_snapshot_win.cc(99)] thread ID 4036 not found in process
[1206/173800.415:ERROR:process_reader_win.cc(151)] SuspendThread: Access is denied. (0x5)
[1206/173800.415:ERROR:process_reader_win.cc(123)] NtOpenThread: {Access Denied} A process has requested access to an object, but has not been granted those access rights. (0xc0000022)
[1206/173800.416:ERROR:exception_snapshot_win.cc(99)] thread ID 20916 not found in process
[1206/175021.612:ERROR:process_reader_win.cc(151)] SuspendThread: Access is denied. (0x5)
[1206/175021.639:ERROR:process_reader_win.cc(151)] SuspendThread: Access is denied. (0x5)
[1206/175021.647:ERROR:process_reader_win.cc(151)] SuspendThread: Access is denied. (0x5)
[1206/175021.647:ERROR:process_reader_win.cc(151)] SuspendThread: Access is denied. (0x5)
[1206/175021.647:ERROR:process_reader_win.cc(151)] SuspendThread: Access is denied. (0x5)
[1206/175021.647:ERROR:process_reader_win.cc(151)] SuspendThread: Access is denied. (0x5)
[1206/175021.647:ERROR:process_reader_win.cc(151)] SuspendThread: Access is denied. (0x5)
[1206/175021.647:ERROR:process_reader_win.cc(151)] SuspendThread: Access is denied. (0x5)
[1206/175021.647:ERROR:process_reader_win.cc(151)] SuspendThread: Access is denied. (0x5)
[1206/175021.619:ERROR:process_reader_win.cc(151)] SuspendThread: Access is denied. (0x5)
[1206/175021.648:ERROR:process_reader_win.cc(151)] SuspendThread: Access is denied. (0x5)
[1206/175021.648:ERROR:process_reader_win.cc(151)] SuspendThread: Access is denied. (0x5)
[1206/175021.648:ERROR:process_reader_win.cc(151)] SuspendThread: Access is denied. (0x5)
[1206/175021.648:ERROR:process_reader_win.cc(151)] SuspendThread: Access is denied. (0x5)
[1206/175021.648:ERROR:process_reader_win.cc(151)] SuspendThread: Access is denied. (0x5)
[1206/175021.648:ERROR:process_reader_win.cc(151)] SuspendThread: Access is denied. (0x5)
[1206/175021.648:ERROR:process_reader_win.cc(151)] SuspendThread: Access is denied. (0x5)
[1206/175021.648:ERROR:process_reader_win.cc(151)] SuspendThread: Access is denied. (0x5)
[1206/175021.648:ERROR:process_reader_win.cc(151)] SuspendThread: Access is denied. (0x5)
[1206/175021.648:ERROR:process_reader_win.cc(151)] SuspendThread: Access is denied. (0x5)
[1206/175021.621:ERROR:process_reader_win.cc(151)] SuspendThread: Access is denied. (0x5)
[1206/175021.648:ERROR:process_reader_win.cc(151)] SuspendThread: Access is denied. (0x5)
[1206/175021.648:ERROR:process_reader_win.cc(151)] SuspendThread: Access is denied. (0x5)
[1206/175021.648:ERROR:process_reader_win.cc(151)] SuspendThread: Access is denied. (0x5)
[1206/175021.648:ERROR:process_reader_win.cc(151)] SuspendThread: Access is denied. (0x5)
[1206/175021.648:ERROR:process_reader_win.cc(151)] SuspendThread: Access is denied. (0x5)
[1206/175021.648:ERROR:process_reader_win.cc(151)] SuspendThread: Access is denied. (0x5)
[1206/175021.648:ERROR:process_reader_win.cc(151)] SuspendThread: Access is denied. (0x5)
[1206/175021.648:ERROR:process_reader_win.cc(151)] SuspendThread: Access is denied. (0x5)
[1206/175021.647:ERROR:process_reader_win.cc(123)] NtOpenThread: {Access Denied} A process has requested access to an object, but has not been granted those access rights. (0xc0000022)
[1206/175021.649:ERROR:process_reader_win.cc(151)] SuspendThread: Access is denied. (0x5)
[1206/175021.653:ERROR:process_reader_win.cc(151)] SuspendThread: Access is denied. (0x5)
[1206/175021.654:ERROR:exception_snapshot_win.cc(99)] thread ID 23048 not found in process
[1206/175021.654:ERROR:process_reader_win.cc(151)] SuspendThread: Access is denied. (0x5)
[1206/175021.654:ERROR:process_reader_win.cc(151)] SuspendThread: Access is denied. (0x5)
[1206/175021.654:ERROR:process_reader_win.cc(151)] SuspendThread: Access is denied. (0x5)
[1206/175021.654:ERROR:process_reader_win.cc(151)] SuspendThread: Access is denied. (0x5)
[1206/175021.654:ERROR:process_reader_win.cc(151)] SuspendThread: Access is denied. (0x5)
[1206/175021.654:ERROR:process_reader_win.cc(151)] SuspendThread: Access is denied. (0x5)
[1206/175021.654:ERROR:process_reader_win.cc(151)] SuspendThread: Access is denied. (0x5)
[1206/175021.654:ERROR:process_reader_win.cc(151)] SuspendThread: Access is denied. (0x5)
[1206/175021.654:ERROR:process_reader_win.cc(151)] SuspendThread: Access is denied. (0x5)
[1206/175021.654:ERROR:process_reader_win.cc(151)] SuspendThread: Access is denied. (0x5)
[1206/175021.654:ERROR:process_reader_win.cc(151)] SuspendThread: Access is denied. (0x5)
[1206/175021.654:ERROR:process_reader_win.cc(151)] SuspendThread: Access is denied. (0x5)
[1206/175021.654:ERROR:process_reader_win.cc(151)] SuspendThread: Access is denied. (0x5)
[1206/175021.654:ERROR:process_reader_win.cc(151)] SuspendThread: Access is denied. (0x5)
[1206/175021.654:ERROR:process_reader_win.cc(151)] SuspendThread: Access is denied. (0x5)
[1206/175021.654:ERROR:process_reader_win.cc(151)] SuspendThread: Access is denied. (0x5)
[1206/175021.654:ERROR:process_reader_win.cc(151)] SuspendThread: Access is denied. (0x5)
[1206/175021.654:ERROR:process_reader_win.cc(151)] SuspendThread: Access is denied. (0x5)
[1206/175021.654:ERROR:process_reader_win.cc(123)] NtOpenThread: {Access Denied} A process has requested access to an object, but has not been granted those access rights. (0xc0000022)
[1206/175021.656:ERROR:process_reader_win.cc(151)] SuspendThread: Access is denied. (0x5)
[1206/175021.657:ERROR:exception_snapshot_win.cc(99)] thread ID 2716 not found in process
[1206/175021.658:ERROR:process_reader_win.cc(151)] SuspendThread: Access is denied. (0x5)
[1206/175021.668:ERROR:process_reader_win.cc(151)] SuspendThread: Access is denied. (0x5)
[1206/175021.668:ERROR:process_reader_win.cc(151)] SuspendThread: Access is denied. (0x5)
[1206/175021.668:ERROR:process_reader_win.cc(151)] SuspendThread: Access is denied. (0x5)
[1206/175021.668:ERROR:process_reader_win.cc(151)] SuspendThread: Access is denied. (0x5)
[1206/175021.668:ERROR:process_reader_win.cc(151)] SuspendThread: Access is denied. (0x5)
[1206/175021.668:ERROR:process_reader_win.cc(151)] SuspendThread: Access is denied. (0x5)
[1206/175021.668:ERROR:process_reader_win.cc(151)] SuspendThread: Access is denied. (0x5)
[1206/175021.668:ERROR:process_reader_win.cc(151)] SuspendThread: Access is denied. (0x5)
[1206/175021.668:ERROR:process_reader_win.cc(151)] SuspendThread: Access is denied. (0x5)
[1206/175021.668:ERROR:process_reader_win.cc(151)] SuspendThread: Access is denied. (0x5)
[1206/175021.668:ERROR:process_reader_win.cc(151)] SuspendThread: Access is denied. (0x5)
[1206/175021.668:ERROR:process_reader_win.cc(151)] SuspendThread: Access is denied. (0x5)
[1206/175021.668:ERROR:process_reader_win.cc(151)] SuspendThread: Access is denied. (0x5)
[1206/175021.668:ERROR:process_reader_win.cc(151)] SuspendThread: Access is denied. (0x5)
[1206/175021.668:ERROR:process_reader_win.cc(151)] SuspendThread: Access is denied. (0x5)
[1206/175021.668:ERROR:process_reader_win.cc(123)] NtOpenThread: {Access Denied} A process has requested access to an object, but has not been granted those access rights. (0xc0000022)
[1206/175021.668:ERROR:exception_snapshot_win.cc(99)] thread ID 13712 not found in process
[1206/175021.629:ERROR:process_reader_win.cc(151)] SuspendThread: Access is denied. (0x5)
[1206/175021.673:ERROR:process_reader_win.cc(151)] SuspendThread: Access is denied. (0x5)
[1206/175021.673:ERROR:process_reader_win.cc(151)] SuspendThread: Access is denied. (0x5)
[1206/175021.673:ERROR:process_reader_win.cc(151)] SuspendThread: Access is denied. (0x5)
[1206/175021.673:ERROR:process_reader_win.cc(151)] SuspendThread: Access is denied. (0x5)
[1206/175021.673:ERROR:process_reader_win.cc(151)] SuspendThread: Access is denied. (0x5)
[1206/175021.673:ERROR:process_reader_win.cc(151)] SuspendThread: Access is denied. (0x5)
[1206/175021.673:ERROR:process_reader_win.cc(151)] SuspendThread: Access is denied. (0x5)
[1206/175021.673:ERROR:process_reader_win.cc(151)] SuspendThread: Access is denied. (0x5)
[1206/175021.673:ERROR:process_reader_win.cc(151)] SuspendThread: Access is denied. (0x5)
[1206/175021.673:ERROR:process_reader_win.cc(151)] SuspendThread: Access is denied. (0x5)
[1206/175021.673:ERROR:process_reader_win.cc(151)] SuspendThread: Access is denied. (0x5)
[1206/175021.673:ERROR:process_reader_win.cc(151)] SuspendThread: Access is denied. (0x5)
[1206/175021.673:ERROR:process_reader_win.cc(151)] SuspendThread: Access is denied. (0x5)
[1206/175021.673:ERROR:process_reader_win.cc(151)] SuspendThread: Access is denied. (0x5)
[1206/175021.673:ERROR:process_reader_win.cc(151)] SuspendThread: Access is denied. (0x5)
[1206/175021.673:ERROR:process_reader_win.cc(151)] SuspendThread: Access is denied. (0x5)
[1206/175021.673:ERROR:process_reader_win.cc(151)] SuspendThread: Access is denied. (0x5)
[1206/175021.673:ERROR:process_reader_win.cc(151)] SuspendThread: Access is denied. (0x5)
[1206/175021.673:ERROR:process_reader_win.cc(151)] SuspendThread: Access is denied. (0x5)
[1206/175021.673:ERROR:process_reader_win.cc(151)] SuspendThread: Access is denied. (0x5)
[1206/175021.673:ERROR:process_reader_win.cc(151)] SuspendThread: Access is denied. (0x5)
[1206/175021.673:ERROR:process_reader_win.cc(151)] SuspendThread: Access is denied. (0x5)
[1206/175021.673:ERROR:process_reader_win.cc(151)] SuspendThread: Access is denied. (0x5)
[1206/175021.673:ERROR:process_reader_win.cc(151)] SuspendThread: Access is denied. (0x5)
[1206/175021.673:ERROR:process_reader_win.cc(151)] SuspendThread: Access is denied. (0x5)
[1206/175021.673:ERROR:process_reader_win.cc(151)] SuspendThread: Access is denied. (0x5)
[1206/175021.673:ERROR:process_reader_win.cc(151)] SuspendThread: Access is denied. (0x5)
[1206/175021.673:ERROR:process_reader_win.cc(123)] NtOpenThread: {Access Denied} A process has requested access to an object, but has not been granted those access rights. (0xc0000022)
[1206/175021.674:ERROR:exception_snapshot_win.cc(99)] thread ID 11736 not found in process
[1206/175021.723:ERROR:process_reader_win.cc(151)] SuspendThread: Access is denied. (0x5)
[1206/175021.726:ERROR:process_reader_win.cc(151)] SuspendThread: Access is denied. (0x5)
[1206/175021.726:ERROR:process_reader_win.cc(151)] SuspendThread: Access is denied. (0x5)
[1206/175021.726:ERROR:process_reader_win.cc(151)] SuspendThread: Access is denied. (0x5)
[1206/175021.726:ERROR:process_reader_win.cc(151)] SuspendThread: Access is denied. (0x5)
[1206/175021.726:ERROR:process_reader_win.cc(151)] SuspendThread: Access is denied. (0x5)
[1206/175021.726:ERROR:process_reader_win.cc(123)] NtOpenThread: {Access Denied} A process has requested access to an object, but has not been granted those access rights. (0xc0000022)
[1206/175021.727:ERROR:exception_snapshot_win.cc(99)] thread ID 17108 not found in process
[1206/175021.752:ERROR:process_reader_win.cc(151)] SuspendThread: Access is denied. (0x5)
[1206/175021.752:ERROR:process_reader_win.cc(123)] NtOpenThread: {Access Denied} A process has requested access to an object, but has not been granted those access rights. (0xc0000022)
[1206/175021.752:ERROR:exception_snapshot_win.cc(99)] thread ID 23460 not found in process
[1206/175021.765:ERROR:process_reader_win.cc(151)] SuspendThread: Access is denied. (0x5)
[1206/175021.765:ERROR:process_reader_win.cc(123)] NtOpenThread: {Access Denied} A process has requested access to an object, but has not been granted those access rights. (0xc0000022)
[1206/175021.765:ERROR:exception_snapshot_win.cc(99)] thread ID 23524 not found in process
[1206/175021.779:ERROR:process_reader_win.cc(151)] SuspendThread: Access is denied. (0x5)
[1206/175021.780:ERROR:process_reader_win.cc(151)] SuspendThread: Access is denied. (0x5)
[1206/175021.780:ERROR:process_reader_win.cc(123)] NtOpenThread: {Access Denied} A process has requested access to an object, but has not been granted those access rights. (0xc0000022)
[1206/175021.780:ERROR:exception_snapshot_win.cc(99)] thread ID 2660 not found in process
[1206/175021.786:ERROR:process_reader_win.cc(151)] SuspendThread: Access is denied. (0x5)
[1206/175021.786:ERROR:process_reader_win.cc(123)] NtOpenThread: {Access Denied} A process has requested access to an object, but has not been granted those access rights. (0xc0000022)
[1206/175021.786:ERROR:exception_snapshot_win.cc(99)] thread ID 13048 not found in process
[1206/175021.798:ERROR:process_reader_win.cc(151)] SuspendThread: Access is denied. (0x5)
[1206/175021.798:ERROR:process_reader_win.cc(151)] SuspendThread: Access is denied. (0x5)
[1206/175021.798:ERROR:process_reader_win.cc(151)] SuspendThread: Access is denied. (0x5)
[1206/175021.798:ERROR:process_reader_win.cc(151)] SuspendThread: Access is denied. (0x5)
[1206/175021.798:ERROR:process_reader_win.cc(151)] SuspendThread: Access is denied. (0x5)
[1206/175021.798:ERROR:process_reader_win.cc(151)] SuspendThread: Access is denied. (0x5)
[1206/175021.798:ERROR:process_reader_win.cc(123)] NtOpenThread: {Access Denied} A process has requested access to an object, but has not been granted those access rights. (0xc0000022)
[1206/175021.799:ERROR:exception_snapshot_win.cc(99)] thread ID 13204 not found in process
[1206/175133.906:ERROR:process_reader_win.cc(151)] SuspendThread: Access is denied. (0x5)
[1206/175133.907:ERROR:process_reader_win.cc(123)] NtOpenThread: {Access Denied} A process has requested access to an object, but has not been granted those access rights. (0xc0000022)
[1206/175133.907:ERROR:exception_snapshot_win.cc(99)] thread ID 2624 not found in process
[1206/175133.989:ERROR:process_reader_win.cc(151)] SuspendThread: Access is denied. (0x5)
[1206/175133.990:ERROR:process_reader_win.cc(151)] SuspendThread: Access is denied. (0x5)
[1206/175133.990:ERROR:process_reader_win.cc(151)] SuspendThread: Access is denied. (0x5)
[1206/175133.990:ERROR:process_reader_win.cc(151)] SuspendThread: Access is denied. (0x5)
[1206/175133.990:ERROR:process_reader_win.cc(151)] SuspendThread: Access is denied. (0x5)
[1206/175133.990:ERROR:process_reader_win.cc(123)] NtOpenThread: {Access Denied} A process has requested access to an object, but has not been granted those access rights. (0xc0000022)
[1206/175133.991:ERROR:exception_snapshot_win.cc(99)] thread ID 23324 not found in process
[1206/175654.002:ERROR:process_reader_win.cc(151)] SuspendThread: Access is denied. (0x5)
[1206/175654.003:ERROR:process_reader_win.cc(151)] SuspendThread: Access is denied. (0x5)
[1206/175654.002:ERROR:process_reader_win.cc(151)] SuspendThread: Access is denied. (0x5)
[1206/175654.004:ERROR:process_reader_win.cc(151)] SuspendThread: Access is denied. (0x5)
[1206/175654.004:ERROR:process_reader_win.cc(151)] SuspendThread: Access is denied. (0x5)
[1206/175654.004:ERROR:process_reader_win.cc(123)] NtOpenThread: {Access Denied} A process has requested access to an object, but has not been granted those access rights. (0xc0000022)
[1206/175654.004:ERROR:process_reader_win.cc(123)] NtOpenThread: {Access Denied} A process has requested access to an object, but has not been granted those access rights. (0xc0000022)
[1206/175654.004:ERROR:exception_snapshot_win.cc(99)] thread ID 13008 not found in process
[1206/175654.004:ERROR:exception_snapshot_win.cc(99)] thread ID 23488 not found in process
[1206/175654.033:ERROR:process_reader_win.cc(151)] SuspendThread: Access is denied. (0x5)
[1206/175654.033:ERROR:process_reader_win.cc(151)] SuspendThread: Access is denied. (0x5)
[1206/175654.033:ERROR:process_reader_win.cc(151)] SuspendThread: Access is denied. (0x5)
[1206/175654.033:ERROR:process_reader_win.cc(151)] SuspendThread: Access is denied. (0x5)
[1206/175654.033:ERROR:process_reader_win.cc(123)] NtOpenThread: {Access Denied} A process has requested access to an object, but has not been granted those access rights. (0xc0000022)
[1206/175654.033:ERROR:exception_snapshot_win.cc(99)] thread ID 14744 not found in process
[1206/175654.039:ERROR:process_reader_win.cc(151)] SuspendThread: Access is denied. (0x5)
[1206/175654.039:ERROR:process_reader_win.cc(123)] NtOpenThread: {Access Denied} A process has requested access to an object, but has not been granted those access rights. (0xc0000022)
[1206/175654.039:ERROR:exception_snapshot_win.cc(99)] thread ID 21260 not found in process
[1206/175654.043:ERROR:process_reader_win.cc(151)] SuspendThread: Access is denied. (0x5)
[1206/175654.044:ERROR:process_reader_win.cc(151)] SuspendThread: Access is denied. (0x5)
[1206/175654.044:ERROR:process_reader_win.cc(151)] SuspendThread: Access is denied. (0x5)
[1206/175654.044:ERROR:process_reader_win.cc(151)] SuspendThread: Access is denied. (0x5)
[1206/175654.044:ERROR:process_reader_win.cc(123)] NtOpenThread: {Access Denied} A process has requested access to an object, but has not been granted those access rights. (0xc0000022)
[1206/175654.044:ERROR:exception_snapshot_win.cc(99)] thread ID 1660 not found in process
[1206/175753.804:ERROR:process_reader_win.cc(151)] SuspendThread: Access is denied. (0x5)
[1206/175753.805:ERROR:process_reader_win.cc(151)] SuspendThread: Access is denied. (0x5)
[1206/175753.805:ERROR:process_reader_win.cc(151)] SuspendThread: Access is denied. (0x5)
[1206/175753.805:ERROR:process_reader_win.cc(151)] SuspendThread: Access is denied. (0x5)
[1206/175753.805:ERROR:process_reader_win.cc(151)] SuspendThread: Access is denied. (0x5)
[1206/175753.805:ERROR:process_reader_win.cc(151)] SuspendThread: Access is denied. (0x5)
[1206/175753.805:ERROR:process_reader_win.cc(151)] SuspendThread: Access is denied. (0x5)
[1206/175753.805:ERROR:process_reader_win.cc(151)] SuspendThread: Access is denied. (0x5)
[1206/175753.805:ERROR:process_reader_win.cc(151)] SuspendThread: Access is denied. (0x5)
[1206/175753.805:ERROR:process_reader_win.cc(151)] SuspendThread: Access is denied. (0x5)
[1206/175753.806:ERROR:process_reader_win.cc(151)] SuspendThread: Access is denied. (0x5)
[1206/175753.806:ERROR:process_reader_win.cc(123)] NtOpenThread: {Access Denied} A process has requested access to an object, but has not been granted those access rights. (0xc0000022)
[1206/175753.806:ERROR:exception_snapshot_win.cc(99)] thread ID 21132 not found in process
[1206/175753.805:ERROR:process_reader_win.cc(151)] SuspendThread: Access is denied. (0x5)
[1206/175753.806:ERROR:process_reader_win.cc(151)] SuspendThread: Access is denied. (0x5)
[1206/175753.806:ERROR:process_reader_win.cc(123)] NtOpenThread: {Access Denied} A process has requested access to an object, but has not been granted those access rights. (0xc0000022)
[1206/175753.806:ERROR:exception_snapshot_win.cc(99)] thread ID 2120 not found in process
[1206/175753.858:ERROR:process_reader_win.cc(151)] SuspendThread: Access is denied. (0x5)
[1206/175753.858:ERROR:process_reader_win.cc(123)] NtOpenThread: {Access Denied} A process has requested access to an object, but has not been granted those access rights. (0xc0000022)
[1206/175753.858:ERROR:exception_snapshot_win.cc(99)] thread ID 21704 not found in process
[1206/175753.895:ERROR:process_reader_win.cc(151)] SuspendThread: Access is denied. (0x5)
[1206/175753.895:ERROR:process_reader_win.cc(151)] SuspendThread: Access is denied. (0x5)
[1206/175753.895:ERROR:process_reader_win.cc(151)] SuspendThread: Access is denied. (0x5)
[1206/175753.897:ERROR:process_reader_win.cc(151)] SuspendThread: Access is denied. (0x5)
[1206/175753.897:ERROR:process_reader_win.cc(151)] SuspendThread: Access is denied. (0x5)
[1206/175753.897:ERROR:process_reader_win.cc(151)] SuspendThread: Access is denied. (0x5)
[1206/175753.897:ERROR:process_reader_win.cc(151)] SuspendThread: Access is denied. (0x5)
[1206/175753.897:ERROR:process_reader_win.cc(151)] SuspendThread: Access is denied. (0x5)
[1206/175753.897:ERROR:process_reader_win.cc(123)] NtOpenThread: {Access Denied} A process has requested access to an object, but has not been granted those access rights. (0xc0000022)
[1206/175753.897:ERROR:process_reader_win.cc(123)] NtOpenThread: {Access Denied} A process has requested access to an object, but has not been granted those access rights. (0xc0000022)
[1206/175753.897:ERROR:exception_snapshot_win.cc(99)] thread ID 17540 not found in process
[1206/175753.897:ERROR:exception_snapshot_win.cc(99)] thread ID 22056 not found in process
[1206/183126.563:ERROR:process_reader_win.cc(151)] SuspendThread: Access is denied. (0x5)
[1206/183126.567:ERROR:process_reader_win.cc(151)] SuspendThread: Access is denied. (0x5)
[1206/183126.567:ERROR:process_reader_win.cc(151)] SuspendThread: Access is denied. (0x5)
[1206/183126.567:ERROR:process_reader_win.cc(151)] SuspendThread: Access is denied. (0x5)
[1206/183126.567:ERROR:process_reader_win.cc(151)] SuspendThread: Access is denied. (0x5)
[1206/183126.567:ERROR:process_reader_win.cc(151)] SuspendThread: Access is denied. (0x5)
[1206/183126.567:ERROR:process_reader_win.cc(151)] SuspendThread: Access is denied. (0x5)
[1206/183126.567:ERROR:process_reader_win.cc(151)] SuspendThread: Access is denied. (0x5)
[1206/183126.567:ERROR:process_reader_win.cc(151)] SuspendThread: Access is denied. (0x5)
[1206/183126.567:ERROR:process_reader_win.cc(151)] SuspendThread: Access is denied. (0x5)
[1206/183126.567:ERROR:process_reader_win.cc(151)] SuspendThread: Access is denied. (0x5)
[1206/183126.567:ERROR:process_reader_win.cc(123)] NtOpenThread: {Access Denied} A process has requested access to an object, but has not been granted those access rights. (0xc0000022)
[1206/183126.571:ERROR:exception_snapshot_win.cc(99)] thread ID 18988 not found in process
[1206/183126.576:ERROR:process_reader_win.cc(151)] SuspendThread: Access is denied. (0x5)
[1206/183126.576:ERROR:process_reader_win.cc(151)] SuspendThread: Access is denied. (0x5)
[1206/183126.576:ERROR:process_reader_win.cc(151)] SuspendThread: Access is denied. (0x5)
[1206/183126.576:ERROR:process_reader_win.cc(151)] SuspendThread: Access is denied. (0x5)
[1206/183126.576:ERROR:process_reader_win.cc(151)] SuspendThread: Access is denied. (0x5)
[1206/183126.576:ERROR:process_reader_win.cc(151)] SuspendThread: Access is denied. (0x5)
[1206/183126.576:ERROR:process_reader_win.cc(151)] SuspendThread: Access is denied. (0x5)
[1206/183126.576:ERROR:process_reader_win.cc(151)] SuspendThread: Access is denied. (0x5)
[1206/183126.576:ERROR:process_reader_win.cc(151)] SuspendThread: Access is denied. (0x5)
[1206/183126.576:ERROR:process_reader_win.cc(151)] SuspendThread: Access is denied. (0x5)
[1206/183126.576:ERROR:process_reader_win.cc(151)] SuspendThread: Access is denied. (0x5)
[1206/183126.576:ERROR:process_reader_win.cc(151)] SuspendThread: Access is denied. (0x5)
[1206/183126.576:ERROR:process_reader_win.cc(151)] SuspendThread: Access is denied. (0x5)
[1206/183126.577:ERROR:process_reader_win.cc(151)] SuspendThread: Access is denied. (0x5)
[1206/183126.577:ERROR:process_reader_win.cc(151)] SuspendThread: Access is denied. (0x5)
[1206/183126.577:ERROR:process_reader_win.cc(151)] SuspendThread: Access is denied. (0x5)
[1206/183126.577:ERROR:process_reader_win.cc(151)] SuspendThread: Access is denied. (0x5)
[1206/183126.577:ERROR:process_reader_win.cc(151)] SuspendThread: Access is denied. (0x5)
[1206/183126.577:ERROR:process_reader_win.cc(151)] SuspendThread: Access is denied. (0x5)
[1206/183126.577:ERROR:process_reader_win.cc(151)] SuspendThread: Access is denied. (0x5)
[1206/183126.577:ERROR:process_reader_win.cc(151)] SuspendThread: Access is denied. (0x5)
[1206/183126.577:ERROR:process_reader_win.cc(151)] SuspendThread: Access is denied. (0x5)
[1206/183126.577:ERROR:process_reader_win.cc(151)] SuspendThread: Access is denied. (0x5)
[1206/183126.577:ERROR:process_reader_win.cc(151)] SuspendThread: Access is denied. (0x5)
[1206/183126.577:ERROR:process_reader_win.cc(151)] SuspendThread: Access is denied. (0x5)
[1206/183126.577:ERROR:process_reader_win.cc(151)] SuspendThread: Access is denied. (0x5)
[1206/183126.577:ERROR:process_reader_win.cc(151)] SuspendThread: Access is denied. (0x5)
[1206/183126.577:ERROR:process_reader_win.cc(151)] SuspendThread: Access is denied. (0x5)
[1206/183126.577:ERROR:process_reader_win.cc(151)] SuspendThread: Access is denied. (0x5)
[1206/183126.577:ERROR:process_reader_win.cc(151)] SuspendThread: Access is denied. (0x5)
[1206/183126.577:ERROR:process_reader_win.cc(123)] NtOpenThread: {Access Denied} A process has requested access to an object, but has not been granted those access rights. (0xc0000022)
[1206/183126.577:ERROR:exception_snapshot_win.cc(99)] thread ID 20512 not found in process
[1206/183126.577:ERROR:process_reader_win.cc(151)] SuspendThread: Access is denied. (0x5)
[1206/183126.581:ERROR:process_reader_win.cc(151)] SuspendThread: Access is denied. (0x5)
[1206/183126.581:ERROR:process_reader_win.cc(151)] SuspendThread: Access is denied. (0x5)
[1206/183126.581:ERROR:process_reader_win.cc(151)] SuspendThread: Access is denied. (0x5)
[1206/183126.581:ERROR:process_reader_win.cc(151)] SuspendThread: Access is denied. (0x5)
[1206/183126.581:ERROR:process_reader_win.cc(151)] SuspendThread: Access is denied. (0x5)
[1206/183126.581:ERROR:process_reader_win.cc(151)] SuspendThread: Access is denied. (0x5)
[1206/183126.581:ERROR:process_reader_win.cc(151)] SuspendThread: Access is denied. (0x5)
[1206/183126.581:ERROR:process_reader_win.cc(151)] SuspendThread: Access is denied. (0x5)
[1206/183126.581:ERROR:process_reader_win.cc(151)] SuspendThread: Access is denied. (0x5)
[1206/183126.581:ERROR:process_reader_win.cc(151)] SuspendThread: Access is denied. (0x5)
[1206/183126.581:ERROR:process_reader_win.cc(151)] SuspendThread: Access is denied. (0x5)
[1206/183126.582:ERROR:process_reader_win.cc(151)] SuspendThread: Access is denied. (0x5)
[1206/183126.582:ERROR:process_reader_win.cc(151)] SuspendThread: Access is denied. (0x5)
[1206/183126.582:ERROR:process_reader_win.cc(151)] SuspendThread: Access is denied. (0x5)
[1206/183126.582:ERROR:process_reader_win.cc(151)] SuspendThread: Access is denied. (0x5)
[1206/183126.582:ERROR:process_reader_win.cc(151)] SuspendThread: Access is denied. (0x5)
[1206/183126.582:ERROR:process_reader_win.cc(151)] SuspendThread: Access is denied. (0x5)
[1206/183126.582:ERROR:process_reader_win.cc(151)] SuspendThread: Access is denied. (0x5)
[1206/183126.582:ERROR:process_reader_win.cc(151)] SuspendThread: Access is denied. (0x5)
[1206/183126.582:ERROR:process_reader_win.cc(151)] SuspendThread: Access is denied. (0x5)
[1206/183126.582:ERROR:process_reader_win.cc(151)] SuspendThread: Access is denied. (0x5)
[1206/183126.582:ERROR:process_reader_win.cc(151)] SuspendThread: Access is denied. (0x5)
[1206/183126.582:ERROR:process_reader_win.cc(151)] SuspendThread: Access is denied. (0x5)
[1206/183126.582:ERROR:process_reader_win.cc(151)] SuspendThread: Access is denied. (0x5)
[1206/183126.582:ERROR:process_reader_win.cc(151)] SuspendThread: Access is denied. (0x5)
[1206/183126.582:ERROR:process_reader_win.cc(151)] SuspendThread: Access is denied. (0x5)
[1206/183126.582:ERROR:process_reader_win.cc(151)] SuspendThread: Access is denied. (0x5)
[1206/183126.582:ERROR:process_reader_win.cc(123)] NtOpenThread: {Access Denied} A process has requested access to an object, but has not been granted those access rights. (0xc0000022)
[1206/183126.584:ERROR:exception_snapshot_win.cc(99)] thread ID 9700 not found in process
[1206/183126.624:ERROR:process_reader_win.cc(151)] SuspendThread: Access is denied. (0x5)
[1206/183126.625:ERROR:process_reader_win.cc(151)] SuspendThread: Access is denied. (0x5)
[1206/183126.625:ERROR:process_reader_win.cc(123)] NtOpenThread: {Access Denied} A process has requested access to an object, but has not been granted those access rights. (0xc0000022)
[1206/183126.625:ERROR:exception_snapshot_win.cc(99)] thread ID 16912 not found in process
[1206/183126.634:ERROR:process_reader_win.cc(151)] SuspendThread: Access is denied. (0x5)
[1206/183126.634:ERROR:process_reader_win.cc(151)] SuspendThread: Access is denied. (0x5)
[1206/183126.634:ERROR:process_reader_win.cc(151)] SuspendThread: Access is denied. (0x5)
[1206/183126.634:ERROR:process_reader_win.cc(151)] SuspendThread: Access is denied. (0x5)
[1206/183126.634:ERROR:process_reader_win.cc(151)] SuspendThread: Access is denied. (0x5)
[1206/183126.634:ERROR:process_reader_win.cc(151)] SuspendThread: Access is denied. (0x5)
[1206/183126.634:ERROR:process_reader_win.cc(123)] NtOpenThread: {Access Denied} A process has requested access to an object, but has not been granted those access rights. (0xc0000022)
[1206/183126.634:ERROR:exception_snapshot_win.cc(99)] thread ID 632 not found in process
[1206/183126.642:ERROR:process_reader_win.cc(151)] SuspendThread: Access is denied. (0x5)
[1206/183126.642:ERROR:process_reader_win.cc(151)] SuspendThread: Access is denied. (0x5)
[1206/183126.642:ERROR:process_reader_win.cc(123)] NtOpenThread: {Access Denied} A process has requested access to an object, but has not been granted those access rights. (0xc0000022)
[1206/183126.643:ERROR:exception_snapshot_win.cc(99)] thread ID 22772 not found in process
[1206/185218.039:ERROR:directory_reader_win.cc(43)] FindFirstFile: The system cannot find the path specified. (0x3)
[1206/192802.834:ERROR:process_reader_win.cc(123)] NtOpenThread: {Access Denied} A process has requested access to an object, but has not been granted those access rights. (0xc0000022)
[1206/192802.835:ERROR:exception_snapshot_win.cc(99)] thread ID 14636 not found in process
[1206/192802.851:ERROR:process_reader_win.cc(123)] NtOpenThread: {Access Denied} A process has requested access to an object, but has not been granted those access rights. (0xc0000022)
[1206/192802.852:ERROR:exception_snapshot_win.cc(99)] thread ID 7844 not found in process
[1206/193539.287:ERROR:process_reader_win.cc(151)] SuspendThread: Access is denied. (0x5)
[1206/193539.288:ERROR:process_reader_win.cc(151)] SuspendThread: Access is denied. (0x5)
[1206/193539.288:ERROR:process_reader_win.cc(123)] NtOpenThread: {Access Denied} A process has requested access to an object, but has not been granted those access rights. (0xc0000022)
[1206/193539.288:ERROR:exception_snapshot_win.cc(99)] thread ID 11092 not found in process
[1206/193539.294:ERROR:process_reader_win.cc(123)] NtOpenThread: {Access Denied} A process has requested access to an object, but has not been granted those access rights. (0xc0000022)
[1206/193539.296:ERROR:exception_snapshot_win.cc(99)] thread ID 14744 not found in process
[1206/193539.317:ERROR:process_reader_win.cc(123)] NtOpenThread: {Access Denied} A process has requested access to an object, but has not been granted those access rights. (0xc0000022)
[1206/193539.317:ERROR:exception_snapshot_win.cc(99)] thread ID 9732 not found in process
