{
  message: '[Cat Video Link] - https://www.youtube.com/watch?v=ZWdrrKAmF3o',
  level: 'info',
  timestamp: '2020-12-06 19:53:06'
}
{
  message: '[Cat Video Link] - https://www.youtube.com/watch?v=X8CFUDOpJow',
  level: 'info',
  timestamp: '2020-12-06 19:53:06'
}
{
  message: '[Cat Video Link] - https://www.youtube.com/watch?v=sVFGTk9K2MM',
  level: 'info',
  timestamp: '2020-12-06 19:53:06'
}
{
  message: '[Cat Video Link] - https://www.youtube.com/watch?v=OOpyqHCMGKk',
  level: 'info',
  timestamp: '2020-12-06 19:53:06'
}
{
  message: '[Cat Video Link] - https://www.youtube.com/watch?v=JTFgHp-jp2c',
  level: 'info',
  timestamp: '2020-12-06 19:53:06'
}
{
  message: '[Cat Video Link] - https://www.youtube.com/watch?v=GduC_icGQKE',
  level: 'info',
  timestamp: '2020-12-06 19:53:06'
}
{
  message: '[Cat Video Link] - https://www.youtube.com/watch?v=hUT1P0oqvPo',
  level: 'info',
  timestamp: '2020-12-06 19:53:06'
}
{
  message: '[Cat Video Link] - https://www.youtube.com/watch?v=LOWpOkALtJc',
  level: 'info',
  timestamp: '2020-12-06 19:53:06'
}
{
  message: '[Cat Video Link] - https://www.youtube.com/watch?v=L0n-G2L7yKg',
  level: 'info',
  timestamp: '2020-12-06 19:53:06'
}
{
  message: '[Cat Video Link] - https://www.youtube.com/watch?v=AXgZ3SJjbrg',
  level: 'info',
  timestamp: '2020-12-06 19:53:06'
}
